<?xml version="1.0" encoding="UTF-8" ?>
<testsuite errors="0" failures="0" hostname="D-EEE-PC" name="BSTTest" tests="7" time="0.588" timestamp="2010-04-30T06:31:00">
  <properties>
[...]
</properties>
  <testcase classname="BSTTest" name="testCreate" time="0.024" />
  <testcase classname="BSTTest" name="testSize" time="0.0050" />
  <testcase classname="BSTTest" name="testAdd" time="0.0010" />
  <testcase classname="BSTTest" name="testFind" time="0.017" />
  <testcase classname="BSTTest" name="testRevFind" time="0.0010" />
  <testcase classname="BSTTest" name="testDelete" time="0.0010" />
  <testcase classname="BSTTest" name="testMkBFSIterator" time="0.0080" />
  <system-out><![CDATA[]]></system-out>
  <system-err><![CDATA[]]></system-err>
</testsuite>
